<?xml version="1.0" encoding="UTF-8" standalone="no"?>
<!DOCTYPE log SYSTEM "logger.dtd">
<log>
<record>
  <date>2022-11-30T14:57:04.311-0300</date>
  <logger>LETICIA FARIAS COSTA VIEIRA</logger>
  <level>FINE</level>
  <message>File 121110394-LETICIA FARIAS COSTA VIEIRA.zip was received. It was sent by LETICIA FARIAS COSTA VIEIRA from IP 192.168.0.11 at 30-11-2022 14*57*04</message>
</record>
</log>
<?xml version="1.0" encoding="UTF-8" standalone="no"?>
<!DOCTYPE log SYSTEM "logger.dtd">
<log>
<record>
  <date>2022-11-30T16:15:19.329-0300</date>
  <logger>LETICIA FARIAS COSTA VIEIRA</logger>
  <level>FINE</level>
  <message>File 121110394-LETICIA FARIAS COSTA VIEIRA.zip was received. It was sent by LETICIA FARIAS COSTA VIEIRA from IP 192.168.0.11 at 30-11-2022 16*15*19</message>
</record>
</log>
<?xml version="1.0" encoding="UTF-8" standalone="no"?>
<!DOCTYPE log SYSTEM "logger.dtd">
<log>
<record>
  <date>2022-11-30T16:20:09.136-0300</date>
  <logger>LETICIA FARIAS COSTA VIEIRA</logger>
  <level>FINE</level>
  <message>File 121110394-LETICIA FARIAS COSTA VIEIRA.zip was received. It was sent by LETICIA FARIAS COSTA VIEIRA from IP 192.168.0.11 at 30-11-2022 16*20*09</message>
</record>
