<?xml version="1.0" encoding="UTF-8" standalone="no"?>
<!DOCTYPE log SYSTEM "logger.dtd">
<log>
<record>
  <date>2022-10-24T11:43:47.894-0300</date>
  <logger>LETICIA FARIAS COSTA VIEIRA</logger>
  <level>FINE</level>
  <message>File 121110394-LETICIA FARIAS COSTA VIEIRA.zip was received. It was sent by LETICIA FARIAS COSTA VIEIRA from IP 192.168.0.11 at 24-10-2022 11*43*47</message>
</record>
</log>
<?xml version="1.0" encoding="UTF-8" standalone="no"?>
<!DOCTYPE log SYSTEM "logger.dtd">
<log>
<record>
  <date>2022-10-24T11:44:03.447-0300</date>
  <logger>LETICIA FARIAS COSTA VIEIRA</logger>
  <level>FINE</level>
  <message>File 121110394-LETICIA FARIAS COSTA VIEIRA.zip was received. It was sent by LETICIA FARIAS COSTA VIEIRA from IP 192.168.0.11 at 24-10-2022 11*44*03</message>
</record>
</log>
<?xml version="1.0" encoding="UTF-8" standalone="no"?>
<!DOCTYPE log SYSTEM "logger.dtd">
<log>
<record>
  <date>2022-10-24T17:53:01.805-0300</date>
  <logger>LETICIA FARIAS COSTA VIEIRA</logger>
  <level>FINE</level>
  <message>File 121110394-LETICIA FARIAS COSTA VIEIRA.zip was received. It was sent by LETICIA FARIAS COSTA VIEIRA from IP 192.168.0.11 at 24-10-2022 17*53*01</message>
</record>
</log>
<?xml version="1.0" encoding="UTF-8" standalone="no"?>
<!DOCTYPE log SYSTEM "logger.dtd">
<log>
<record>
  <date>2022-10-27T19:06:42.623-0300</date>
  <logger>LETICIA FARIAS COSTA VIEIRA</logger>
  <level>FINE</level>
  <message>File 121110394-LETICIA FARIAS COSTA VIEIRA.zip was received. It was sent by LETICIA FARIAS COSTA VIEIRA from IP 192.168.0.11 at 27-10-2022 19*06*42</message>
</record>
