<?xml version="1.0" encoding="UTF-8" standalone="no"?>
<!DOCTYPE log SYSTEM "logger.dtd">
<log>
<record>
  <date>2022-12-06T21:18:58.948-0300</date>
  <logger>LETICIA FARIAS COSTA VIEIRA</logger>
  <level>FINE</level>
  <message>File 121110394-LETICIA FARIAS COSTA VIEIRA.zip was received. It was sent by LETICIA FARIAS COSTA VIEIRA from IP 192.168.0.11 at 06-12-2022 21*18*58</message>
</record>
</log>
<?xml version="1.0" encoding="UTF-8" standalone="no"?>
<!DOCTYPE log SYSTEM "logger.dtd">
<log>
<record>
  <date>2022-12-07T22:11:38.876-0300</date>
  <logger>LETICIA FARIAS COSTA VIEIRA</logger>
  <level>FINE</level>
  <message>File 121110394-LETICIA FARIAS COSTA VIEIRA.zip was received. It was sent by LETICIA FARIAS COSTA VIEIRA from IP 192.168.0.11 at 07-12-2022 22*11*38</message>
</record>
</log>
<?xml version="1.0" encoding="UTF-8" standalone="no"?>
<!DOCTYPE log SYSTEM "logger.dtd">
<log>
<record>
  <date>2022-12-07T22:14:57.277-0300</date>
  <logger>LETICIA FARIAS COSTA VIEIRA</logger>
  <level>FINE</level>
  <message>File 121110394-LETICIA FARIAS COSTA VIEIRA.zip was received. It was sent by LETICIA FARIAS COSTA VIEIRA from IP 192.168.0.11 at 07-12-2022 22*14*57</message>
</record>
</log>
<?xml version="1.0" encoding="UTF-8" standalone="no"?>
<!DOCTYPE log SYSTEM "logger.dtd">
<log>
<record>
  <date>2022-12-07T22:45:45.328-0300</date>
  <logger>LETICIA FARIAS COSTA VIEIRA</logger>
  <level>FINE</level>
  <message>File 121110394-LETICIA FARIAS COSTA VIEIRA.zip was received. It was sent by LETICIA FARIAS COSTA VIEIRA from IP 192.168.0.11 at 07-12-2022 22*45*45</message>
</record>
