<?xml version="1.0" encoding="UTF-8" standalone="no"?>
<!DOCTYPE log SYSTEM "logger.dtd">
<log>
<record>
  <date>2022-10-23T16:58:12.537-0300</date>
  <logger>LETICIA FARIAS COSTA VIEIRA</logger>
  <level>FINE</level>
  <message>File 121110394-LETICIA FARIAS COSTA VIEIRA.zip was received. It was sent by LETICIA FARIAS COSTA VIEIRA from IP 192.168.0.11 at 23-10-2022 16*58*12</message>
</record>
</log>
<?xml version="1.0" encoding="UTF-8" standalone="no"?>
<!DOCTYPE log SYSTEM "logger.dtd">
<log>
<record>
  <date>2022-10-24T18:02:53.128-0300</date>
  <logger>LETICIA FARIAS COSTA VIEIRA</logger>
  <level>FINE</level>
  <message>File 121110394-LETICIA FARIAS COSTA VIEIRA.zip was received. It was sent by LETICIA FARIAS COSTA VIEIRA from IP 192.168.0.11 at 24-10-2022 18*02*53</message>
</record>
</log>
<?xml version="1.0" encoding="UTF-8" standalone="no"?>
<!DOCTYPE log SYSTEM "logger.dtd">
<log>
<record>
  <date>2022-10-27T19:02:10.587-0300</date>
  <logger>LETICIA FARIAS COSTA VIEIRA</logger>
  <level>FINE</level>
  <message>File 121110394-LETICIA FARIAS COSTA VIEIRA.zip was received. It was sent by LETICIA FARIAS COSTA VIEIRA from IP 192.168.0.11 at 27-10-2022 19*02*10</message>
</record>
